==97825== Memcheck, a memory error detector
==97825== Copyright (C) 2002-2017, and GNU GPL'd, by Julian Seward et al.
==97825== Using Valgrind-3.15.0 and LibVEX; rerun with -h for copyright info
==97825== Command: ./cub3d test.cub
==97825== Parent PID: 3400
==97825== 
==97825== 
==97825== HEAP SUMMARY:
==97825==     in use at exit: 2,192 bytes in 68 blocks
==97825==   total heap usage: 74 allocs, 6 frees, 4,768 bytes allocated
==97825== 
==97825== LEAK SUMMARY:
==97825==    definitely lost: 0 bytes in 0 blocks
==97825==    indirectly lost: 0 bytes in 0 blocks
==97825==      possibly lost: 0 bytes in 0 blocks
==97825==    still reachable: 2,192 bytes in 68 blocks
==97825==         suppressed: 0 bytes in 0 blocks
==97825== Reachable blocks (those to which a pointer was found) are not shown.
==97825== To see them, rerun with: --leak-check=full --show-leak-kinds=all
==97825== 
==97825== For lists of detected and suppressed errors, rerun with: -s
==97825== ERROR SUMMARY: 0 errors from 0 contexts (suppressed: 0 from 0)
